0 info it worked if it ends with ok
1 verbose cli [
1 verbose cli   '/home/ec2-user/.nvm/versions/node/v12.9.0/bin/node',
1 verbose cli   '/home/ec2-user/.nvm/versions/node/v12.9.0/bin/npm',
1 verbose cli   'run',
1 verbose cli   'test'
1 verbose cli ]
2 info using npm@6.10.2
3 info using node@v12.9.0
4 verbose config Skipping project config: /home/ec2-user/.npmrc. (matches userconfig)
5 verbose run-script [ 'pretest', 'test', 'posttest' ]
6 info lifecycle zip_distance@1.0.0~pretest: zip_distance@1.0.0
7 info lifecycle zip_distance@1.0.0~test: zip_distance@1.0.0
8 verbose lifecycle zip_distance@1.0.0~test: unsafe-perm in lifecycle true
9 verbose lifecycle zip_distance@1.0.0~test: PATH: /home/ec2-user/.nvm/versions/node/v12.9.0/lib/node_modules/npm/node_modules/npm-lifecycle/node-gyp-bin:/home/ec2-user/node_modules/.bin:/home/ec2-user/.nvm/versions/node/v12.9.0/bin:/usr/local/bin:/usr/bin:/usr/local/sbin:/usr/sbin:/home/ec2-user/.local/bin:/home/ec2-user/bin
10 verbose lifecycle zip_distance@1.0.0~test: CWD: /home/ec2-user
11 silly lifecycle zip_distance@1.0.0~test: Args: [ '-c', 'mocha' ]
12 silly lifecycle zip_distance@1.0.0~test: Returned: code: 1  signal: null
13 info lifecycle zip_distance@1.0.0~test: Failed to exec test script
14 verbose stack Error: zip_distance@1.0.0 test: `mocha`
14 verbose stack Exit status 1
14 verbose stack     at EventEmitter.<anonymous> (/home/ec2-user/.nvm/versions/node/v12.9.0/lib/node_modules/npm/node_modules/npm-lifecycle/index.js:326:16)
14 verbose stack     at EventEmitter.emit (events.js:209:13)
14 verbose stack     at ChildProcess.<anonymous> (/home/ec2-user/.nvm/versions/node/v12.9.0/lib/node_modules/npm/node_modules/npm-lifecycle/lib/spawn.js:55:14)
14 verbose stack     at ChildProcess.emit (events.js:209:13)
14 verbose stack     at maybeClose (internal/child_process.js:1021:16)
14 verbose stack     at Process.ChildProcess._handle.onexit (internal/child_process.js:283:5)
15 verbose pkgid zip_distance@1.0.0
16 verbose cwd /home/ec2-user/test
17 verbose Linux 4.14.123-111.109.amzn2.x86_64
18 verbose argv "/home/ec2-user/.nvm/versions/node/v12.9.0/bin/node" "/home/ec2-user/.nvm/versions/node/v12.9.0/bin/npm" "run" "test"
19 verbose node v12.9.0
20 verbose npm  v6.10.2
21 error code ELIFECYCLE
22 error errno 1
23 error zip_distance@1.0.0 test: `mocha`
23 error Exit status 1
24 error Failed at the zip_distance@1.0.0 test script.
24 error This is probably not a problem with npm. There is likely additional logging output above.
25 verbose exit [ 1, true ]
